<?xml version="1.0" encoding="UTF-8"?>
<testng-results skipped="0" failed="0" ignored="0" total="1" passed="1">
  <reporter-output>
  </reporter-output>
  <suite name="Suite" duration-ms="32784" started-at="2020-10-17T11:17:28 IST" finished-at="2020-10-17T11:18:01 IST">
    <groups>
    </groups>
    <test name="Test" duration-ms="32784" started-at="2020-10-17T11:17:28 IST" finished-at="2020-10-17T11:18:01 IST">
      <class name="com.crm.qa.testcases.Purchase">
        <test-method status="PASS" signature="setup()[pri:0, instance:com.crm.qa.testcases.Purchase@74650e52]" name="setup" is-config="true" duration-ms="10134" started-at="2020-10-17T11:17:29 IST" finished-at="2020-10-17T11:17:39 IST">
          <reporter-output>
          </reporter-output>
        </test-method> <!-- setup -->
        <test-method status="PASS" signature="placeOrder()[pri:0, instance:com.crm.qa.testcases.Purchase@74650e52]" name="placeOrder" duration-ms="22608" started-at="2020-10-17T11:17:39 IST" finished-at="2020-10-17T11:18:01 IST">
          <reporter-output>
          </reporter-output>
        </test-method> <!-- placeOrder -->
      </class> <!-- com.crm.qa.testcases.Purchase -->
    </test> <!-- Test -->
  </suite> <!-- Suite -->
</testng-results>
