<?xml version="1.0" encoding="UTF-8"?>
<testng-results skipped="0" failed="0" ignored="0" total="1" passed="1">
  <reporter-output>
  </reporter-output>
  <suite name="Suite" duration-ms="32841" started-at="2020-10-17T10:16:24 IST" finished-at="2020-10-17T10:16:57 IST">
    <groups>
    </groups>
    <test name="Test" duration-ms="32841" started-at="2020-10-17T10:16:24 IST" finished-at="2020-10-17T10:16:57 IST">
      <class name="com.crm.qa.testcases.Purchase">
        <test-method status="PASS" signature="setup()[pri:0, instance:com.crm.qa.testcases.Purchase@7d70d1b1]" name="setup" is-config="true" duration-ms="12004" started-at="2020-10-17T10:16:24 IST" finished-at="2020-10-17T10:16:36 IST">
          <reporter-output>
          </reporter-output>
        </test-method> <!-- setup -->
        <test-method status="PASS" signature="placeOrder()[pri:0, instance:com.crm.qa.testcases.Purchase@7d70d1b1]" name="placeOrder" duration-ms="20788" started-at="2020-10-17T10:16:36 IST" finished-at="2020-10-17T10:16:57 IST">
          <reporter-output>
          </reporter-output>
        </test-method> <!-- placeOrder -->
      </class> <!-- com.crm.qa.testcases.Purchase -->
    </test> <!-- Test -->
  </suite> <!-- Suite -->
</testng-results>
